<?xml version="1.0" encoding="UTF-8"?>
<!-- Generated by org.testng.reporters.JUnitReportReporter -->
<testsuite skipped="0" hostname="DESKTOP-1CO8AH3" name="runners.RunnerClass" tests="6" failures="0" timestamp="2023-03-16T16:44:38 IST" time="49.199" errors="0">
  <testcase name="runScenario" time="5.435" classname="runners.RunnerClass"/>
  <system-out/>
  <testcase name="runScenario" time="4.337" classname="runners.RunnerClass"/>
  <system-out/>
  <testcase name="runScenario" time="5.517" classname="runners.RunnerClass"/>
  <system-out/>
  <testcase name="runScenario" time="20.045" classname="runners.RunnerClass"/>
  <system-out/>
  <testcase name="runScenario" time="9.188" classname="runners.RunnerClass"/>
  <system-out/>
  <testcase name="runScenario" time="4.677" classname="runners.RunnerClass"/>
  <system-out/>
</testsuite> <!-- runners.RunnerClass -->
